Compiling the CXX compiler identification source file "CMakeCXXCompilerId.cpp" failed.
Compiler: /N/soft/rhel7/gcc/6.3.0/bin/g++~/CC3D_PY3_GIT/CompuCell3D/CompuCell3D 
Build flags: 
Id flags:  

The output was:
No such file or directory


Compiling the CXX compiler identification source file "CMakeCXXCompilerId.cpp" failed.
Compiler: /N/soft/rhel7/gcc/6.3.0/bin/g++~/CC3D_PY3_GIT/CompuCell3D/CompuCell3D 
Build flags: 
Id flags: -c 

The output was:
No such file or directory


Compiling the CXX compiler identification source file "CMakeCXXCompilerId.cpp" failed.
Compiler: /N/soft/rhel7/gcc/6.3.0/bin/g++~/CC3D_PY3_GIT/CompuCell3D/CompuCell3D 
Build flags: 
Id flags: --c++ 

The output was:
No such file or directory


Compiling the CXX compiler identification source file "CMakeCXXCompilerId.cpp" failed.
Compiler: /N/soft/rhel7/gcc/6.3.0/bin/g++~/CC3D_PY3_GIT/CompuCell3D/CompuCell3D 
Build flags: 
Id flags: --ec++ 

The output was:
No such file or directory


Compiling the CXX compiler identification source file "CMakeCXXCompilerId.cpp" failed.
Compiler: /N/soft/rhel7/gcc/6.3.0/bin/g++~/CC3D_PY3_GIT/CompuCell3D/CompuCell3D 
Build flags: 
Id flags: --target=arm-arm-none-eabi;-mcpu=cortex-m3 

The output was:
No such file or directory


Compiling the CXX compiler identification source file "CMakeCXXCompilerId.cpp" failed.
Compiler: /N/soft/rhel7/gcc/6.3.0/bin/g++~/CC3D_PY3_GIT/CompuCell3D/CompuCell3D 
Build flags: 
Id flags:  

The output was:
No such file or directory


Compiling the CXX compiler identification source file "CMakeCXXCompilerId.cpp" failed.
Compiler: /N/soft/rhel7/gcc/6.3.0/bin/g++~/CC3D_PY3_GIT/CompuCell3D/CompuCell3D 
Build flags: 
Id flags: -c 

The output was:
No such file or directory


Compiling the CXX compiler identification source file "CMakeCXXCompilerId.cpp" failed.
Compiler: /N/soft/rhel7/gcc/6.3.0/bin/g++~/CC3D_PY3_GIT/CompuCell3D/CompuCell3D 
Build flags: 
Id flags: --c++ 

The output was:
No such file or directory


Compiling the CXX compiler identification source file "CMakeCXXCompilerId.cpp" failed.
Compiler: /N/soft/rhel7/gcc/6.3.0/bin/g++~/CC3D_PY3_GIT/CompuCell3D/CompuCell3D 
Build flags: 
Id flags: --ec++ 

The output was:
No such file or directory


Compiling the CXX compiler identification source file "CMakeCXXCompilerId.cpp" failed.
Compiler: /N/soft/rhel7/gcc/6.3.0/bin/g++~/CC3D_PY3_GIT/CompuCell3D/CompuCell3D 
Build flags: 
Id flags: --target=arm-arm-none-eabi;-mcpu=cortex-m3 

The output was:
No such file or directory


Checking whether the CXX compiler is IAR using "" did not match "IAR .+ Compiler":
Checking whether the CXX compiler is IAR using "" did not match "IAR .+ Compiler":
