The system is: Linux - 3.10.0-1160.59.1.el7.x86_64 - x86_64
Compiling the C compiler identification source file "CMakeCCompilerId.c" succeeded.
Compiler: /N/soft/rhel7/gcc/6.3.0/bin/gcc 
Build flags: 
Id flags:  

The output was:
0


Compilation of the C compiler identification source "CMakeCCompilerId.c" produced "a.out"

The C compiler identification is GNU, found in "/N/u/mehtasau/Carbonate/CC3D_PY3_GIT/CompuCell3D/CompuCell3D/build/CMakeFiles/3.19.6/CompilerIdC/a.out"

Detecting C compiler ABI info compiled with the following output:
Change Dir: /N/u/mehtasau/Carbonate/CC3D_PY3_GIT/CompuCell3D/CompuCell3D/build/CMakeFiles/CMakeTmp

Run Build Command(s):/usr/bin/gmake cmTC_a2dfb/fast && /usr/bin/gmake  -f CMakeFiles/cmTC_a2dfb.dir/build.make CMakeFiles/cmTC_a2dfb.dir/build
gmake[1]: Entering directory `/geode2/home/u060/mehtasau/Carbonate/CC3D_PY3_GIT/CompuCell3D/CompuCell3D/build/CMakeFiles/CMakeTmp'
Building C object CMakeFiles/cmTC_a2dfb.dir/CMakeCCompilerABI.c.o
/N/soft/rhel7/gcc/6.3.0/bin/gcc   -v -o CMakeFiles/cmTC_a2dfb.dir/CMakeCCompilerABI.c.o -c /N/u/mehtasau/Carbonate/miniconda3/envs/cc3denv/share/cmake-3.19/Modules/CMakeCCompilerABI.c
Using built-in specs.
COLLECT_GCC=/N/soft/rhel7/gcc/6.3.0/bin/gcc
Target: x86_64-pc-linux-gnu
Configured with: ./configure --prefix=/N/soft/rhel7/gcc/6.3.0 --with-long-double-128 --enable-host-shared --disable-multilib --enable-threads
Thread model: posix
gcc version 6.3.0 (GCC) 
COLLECT_GCC_OPTIONS='-v' '-o' 'CMakeFiles/cmTC_a2dfb.dir/CMakeCCompilerABI.c.o' '-c' '-mtune=generic' '-march=x86-64'
 /geode2/soft/hps/rhel7/gcc/6.3.0/bin/../libexec/gcc/x86_64-pc-linux-gnu/6.3.0/cc1 -quiet -v -iprefix /geode2/soft/hps/rhel7/gcc/6.3.0/bin/../lib/gcc/x86_64-pc-linux-gnu/6.3.0/ /N/u/mehtasau/Carbonate/miniconda3/envs/cc3denv/share/cmake-3.19/Modules/CMakeCCompilerABI.c -quiet -dumpbase CMakeCCompilerABI.c -mtune=generic -march=x86-64 -auxbase-strip CMakeFiles/cmTC_a2dfb.dir/CMakeCCompilerABI.c.o -version -o /tmp/ccZvTr6g.s
GNU C11 (GCC) version 6.3.0 (x86_64-pc-linux-gnu)
	compiled by GNU C version 6.3.0, GMP version 6.1.0, MPFR version 3.1.4, MPC version 1.0.3, isl version 0.15
GGC heuristics: --param ggc-min-expand=100 --param ggc-min-heapsize=131072
ignoring nonexistent directory "/geode2/soft/hps/rhel7/gcc/6.3.0/bin/../lib/gcc/x86_64-pc-linux-gnu/6.3.0/../../../../x86_64-pc-linux-gnu/include"
ignoring duplicate directory "/geode2/soft/hps/rhel7/gcc/6.3.0/bin/../lib/gcc/../../lib/gcc/x86_64-pc-linux-gnu/6.3.0/include"
ignoring duplicate directory "/geode2/soft/hps/rhel7/gcc/6.3.0/bin/../lib/gcc/../../lib/gcc/x86_64-pc-linux-gnu/6.3.0/include-fixed"
ignoring nonexistent directory "/geode2/soft/hps/rhel7/gcc/6.3.0/bin/../lib/gcc/../../lib/gcc/x86_64-pc-linux-gnu/6.3.0/../../../../x86_64-pc-linux-gnu/include"
ignoring duplicate directory "/N/soft/rhel7/gcc/6.3.0/include"
  as it is a non-system directory that duplicates a system directory
#include "..." search starts here:
#include <...> search starts here:
 /N/soft/rhel7/intel/19.5/compilers_and_libraries_2019.5.281/linux/ipp/include
 /N/soft/rhel7/intel/19.5/compilers_and_libraries_2019.5.281/linux/mkl/include
 /N/soft/rhel7/intel/19.5/compilers_and_libraries_2019.5.281/linux/pstl/include
 /N/soft/rhel7/intel/19.5/compilers_and_libraries_2019.5.281/linux/tbb/include
 /N/soft/rhel7/intel/19.5/compilers_and_libraries_2019.5.281/linux/daal/include
 /geode2/soft/hps/rhel7/gcc/6.3.0/bin/../lib/gcc/x86_64-pc-linux-gnu/6.3.0/include
 /geode2/soft/hps/rhel7/gcc/6.3.0/bin/../lib/gcc/x86_64-pc-linux-gnu/6.3.0/include-fixed
 /usr/local/include
 /geode2/soft/hps/rhel7/gcc/6.3.0/bin/../lib/gcc/../../include
 /usr/include
End of search list.
GNU C11 (GCC) version 6.3.0 (x86_64-pc-linux-gnu)
	compiled by GNU C version 6.3.0, GMP version 6.1.0, MPFR version 3.1.4, MPC version 1.0.3, isl version 0.15
GGC heuristics: --param ggc-min-expand=100 --param ggc-min-heapsize=131072
Compiler executable checksum: 778867ecee6f0e94bc209140692dd20c
COLLECT_GCC_OPTIONS='-v' '-o' 'CMakeFiles/cmTC_a2dfb.dir/CMakeCCompilerABI.c.o' '-c' '-mtune=generic' '-march=x86-64'
 as -v --64 -o CMakeFiles/cmTC_a2dfb.dir/CMakeCCompilerABI.c.o /tmp/ccZvTr6g.s
GNU assembler version 2.27 (x86_64-redhat-linux) using BFD version version 2.27-44.base.el7_9.1
COMPILER_PATH=/geode2/soft/hps/rhel7/gcc/6.3.0/bin/../libexec/gcc/x86_64-pc-linux-gnu/6.3.0/:/geode2/soft/hps/rhel7/gcc/6.3.0/bin/../libexec/gcc/:/N/soft/rhel7/xalt/2.10.30/bin/
LIBRARY_PATH=/geode2/soft/hps/rhel7/gcc/6.3.0/bin/../lib/gcc/x86_64-pc-linux-gnu/6.3.0/:/geode2/soft/hps/rhel7/gcc/6.3.0/bin/../lib/gcc/:/N/soft/rhel7/gcc/6.3.0/lib64/../lib64/:/N/soft/rhel7/gcc/6.3.0/lib/../lib64/:/geode2/soft/hps/rhel7/gcc/6.3.0/bin/../lib/gcc/x86_64-pc-linux-gnu/6.3.0/../../../../lib64/:/lib/../lib64/:/usr/lib/../lib64/:/N/soft/rhel7/intel/19.5/compilers_and_libraries_2019.5.281/linux/ipp/lib/intel64/:/N/soft/rhel7/intel/19.5/compilers_and_libraries_2019.5.281/linux/compiler/lib/intel64_lin/:/N/soft/rhel7/intel/19.5/compilers_and_libraries_2019.5.281/linux/mkl/lib/intel64_lin/:/N/soft/rhel7/intel/19.5/compilers_and_libraries_2019.5.281/linux/tbb/lib/intel64/gcc4.7/:/N/soft/rhel7/intel/19.5/compilers_and_libraries_2019.5.281/linux/daal/lib/intel64_lin/:/N/soft/rhel7/gcc/6.3.0/lib64/:/N/soft/rhel7/gcc/6.3.0/lib/:/geode2/soft/hps/rhel7/gcc/6.3.0/bin/../lib/gcc/x86_64-pc-linux-gnu/6.3.0/../../../:/lib/:/usr/lib/
COLLECT_GCC_OPTIONS='-v' '-o' 'CMakeFiles/cmTC_a2dfb.dir/CMakeCCompilerABI.c.o' '-c' '-mtune=generic' '-march=x86-64'
Linking C executable cmTC_a2dfb
/geode2/home/u060/mehtasau/Carbonate/miniconda3/envs/cc3denv/bin/cmake -E cmake_link_script CMakeFiles/cmTC_a2dfb.dir/link.txt --verbose=1
/N/soft/rhel7/gcc/6.3.0/bin/gcc  -v CMakeFiles/cmTC_a2dfb.dir/CMakeCCompilerABI.c.o -o cmTC_a2dfb 
Using built-in specs.
COLLECT_GCC=/N/soft/rhel7/gcc/6.3.0/bin/gcc
COLLECT_LTO_WRAPPER=/geode2/soft/hps/rhel7/gcc/6.3.0/bin/../libexec/gcc/x86_64-pc-linux-gnu/6.3.0/lto-wrapper
Target: x86_64-pc-linux-gnu
Configured with: ./configure --prefix=/N/soft/rhel7/gcc/6.3.0 --with-long-double-128 --enable-host-shared --disable-multilib --enable-threads
Thread model: posix
gcc version 6.3.0 (GCC) 
COMPILER_PATH=/geode2/soft/hps/rhel7/gcc/6.3.0/bin/../libexec/gcc/x86_64-pc-linux-gnu/6.3.0/:/geode2/soft/hps/rhel7/gcc/6.3.0/bin/../libexec/gcc/:/N/soft/rhel7/xalt/2.10.30/bin/
LIBRARY_PATH=/geode2/soft/hps/rhel7/gcc/6.3.0/bin/../lib/gcc/x86_64-pc-linux-gnu/6.3.0/:/geode2/soft/hps/rhel7/gcc/6.3.0/bin/../lib/gcc/:/N/soft/rhel7/gcc/6.3.0/lib64/../lib64/:/N/soft/rhel7/gcc/6.3.0/lib/../lib64/:/geode2/soft/hps/rhel7/gcc/6.3.0/bin/../lib/gcc/x86_64-pc-linux-gnu/6.3.0/../../../../lib64/:/lib/../lib64/:/usr/lib/../lib64/:/N/soft/rhel7/intel/19.5/compilers_and_libraries_2019.5.281/linux/ipp/lib/intel64/:/N/soft/rhel7/intel/19.5/compilers_and_libraries_2019.5.281/linux/compiler/lib/intel64_lin/:/N/soft/rhel7/intel/19.5/compilers_and_libraries_2019.5.281/linux/mkl/lib/intel64_lin/:/N/soft/rhel7/intel/19.5/compilers_and_libraries_2019.5.281/linux/tbb/lib/intel64/gcc4.7/:/N/soft/rhel7/intel/19.5/compilers_and_libraries_2019.5.281/linux/daal/lib/intel64_lin/:/N/soft/rhel7/gcc/6.3.0/lib64/:/N/soft/rhel7/gcc/6.3.0/lib/:/geode2/soft/hps/rhel7/gcc/6.3.0/bin/../lib/gcc/x86_64-pc-linux-gnu/6.3.0/../../../:/lib/:/usr/lib/
COLLECT_GCC_OPTIONS='-v' '-o' 'cmTC_a2dfb' '-mtune=generic' '-march=x86-64'
 /geode2/soft/hps/rhel7/gcc/6.3.0/bin/../libexec/gcc/x86_64-pc-linux-gnu/6.3.0/collect2 -plugin /geode2/soft/hps/rhel7/gcc/6.3.0/bin/../libexec/gcc/x86_64-pc-linux-gnu/6.3.0/liblto_plugin.so -plugin-opt=/geode2/soft/hps/rhel7/gcc/6.3.0/bin/../libexec/gcc/x86_64-pc-linux-gnu/6.3.0/lto-wrapper -plugin-opt=-fresolution=/tmp/cczUvims.res -plugin-opt=-pass-through=-lgcc -plugin-opt=-pass-through=-lgcc_s -plugin-opt=-pass-through=-lc -plugin-opt=-pass-through=-lgcc -plugin-opt=-pass-through=-lgcc_s --eh-frame-hdr -m elf_x86_64 -dynamic-linker /lib64/ld-linux-x86-64.so.2 -o cmTC_a2dfb /lib/../lib64/crt1.o /lib/../lib64/crti.o /geode2/soft/hps/rhel7/gcc/6.3.0/bin/../lib/gcc/x86_64-pc-linux-gnu/6.3.0/crtbegin.o -L/geode2/soft/hps/rhel7/gcc/6.3.0/bin/../lib/gcc/x86_64-pc-linux-gnu/6.3.0 -L/geode2/soft/hps/rhel7/gcc/6.3.0/bin/../lib/gcc -L/N/soft/rhel7/gcc/6.3.0/lib64/../lib64 -L/N/soft/rhel7/gcc/6.3.0/lib/../lib64 -L/geode2/soft/hps/rhel7/gcc/6.3.0/bin/../lib/gcc/x86_64-pc-linux-gnu/6.3.0/../../../../lib64 -L/lib/../lib64 -L/usr/lib/../lib64 -L/N/soft/rhel7/intel/19.5/compilers_and_libraries_2019.5.281/linux/ipp/lib/intel64 -L/N/soft/rhel7/intel/19.5/compilers_and_libraries_2019.5.281/linux/compiler/lib/intel64_lin -L/N/soft/rhel7/intel/19.5/compilers_and_libraries_2019.5.281/linux/mkl/lib/intel64_lin -L/N/soft/rhel7/intel/19.5/compilers_and_libraries_2019.5.281/linux/tbb/lib/intel64/gcc4.7 -L/N/soft/rhel7/intel/19.5/compilers_and_libraries_2019.5.281/linux/daal/lib/intel64_lin -L/N/soft/rhel7/gcc/6.3.0/lib64 -L/N/soft/rhel7/gcc/6.3.0/lib -L/geode2/soft/hps/rhel7/gcc/6.3.0/bin/../lib/gcc/x86_64-pc-linux-gnu/6.3.0/../../.. CMakeFiles/cmTC_a2dfb.dir/CMakeCCompilerABI.c.o -lgcc --as-needed -lgcc_s --no-as-needed -lc -lgcc --as-needed -lgcc_s --no-as-needed /geode2/soft/hps/rhel7/gcc/6.3.0/bin/../lib/gcc/x86_64-pc-linux-gnu/6.3.0/crtend.o /lib/../lib64/crtn.o
COLLECT_GCC_OPTIONS='-v' '-o' 'cmTC_a2dfb' '-mtune=generic' '-march=x86-64'
gmake[1]: Leaving directory `/geode2/home/u060/mehtasau/Carbonate/CC3D_PY3_GIT/CompuCell3D/CompuCell3D/build/CMakeFiles/CMakeTmp'



Parsed C implicit include dir info from above output: rv=done
  found start of include info
  found start of implicit include info
    add: [/N/soft/rhel7/intel/19.5/compilers_and_libraries_2019.5.281/linux/ipp/include]
    add: [/N/soft/rhel7/intel/19.5/compilers_and_libraries_2019.5.281/linux/mkl/include]
    add: [/N/soft/rhel7/intel/19.5/compilers_and_libraries_2019.5.281/linux/pstl/include]
    add: [/N/soft/rhel7/intel/19.5/compilers_and_libraries_2019.5.281/linux/tbb/include]
    add: [/N/soft/rhel7/intel/19.5/compilers_and_libraries_2019.5.281/linux/daal/include]
    add: [/geode2/soft/hps/rhel7/gcc/6.3.0/bin/../lib/gcc/x86_64-pc-linux-gnu/6.3.0/include]
    add: [/geode2/soft/hps/rhel7/gcc/6.3.0/bin/../lib/gcc/x86_64-pc-linux-gnu/6.3.0/include-fixed]
    add: [/usr/local/include]
    add: [/geode2/soft/hps/rhel7/gcc/6.3.0/bin/../lib/gcc/../../include]
    add: [/usr/include]
  end of search list found
  collapse include dir [/N/soft/rhel7/intel/19.5/compilers_and_libraries_2019.5.281/linux/ipp/include] ==> [/N/soft/rhel7/intel/19.5/compilers_and_libraries_2019.5.281/linux/ipp/include]
  collapse include dir [/N/soft/rhel7/intel/19.5/compilers_and_libraries_2019.5.281/linux/mkl/include] ==> [/N/soft/rhel7/intel/19.5/compilers_and_libraries_2019.5.281/linux/mkl/include]
  collapse include dir [/N/soft/rhel7/intel/19.5/compilers_and_libraries_2019.5.281/linux/pstl/include] ==> [/N/soft/rhel7/intel/19.5/compilers_and_libraries_2019.5.281/linux/pstl/include]
  collapse include dir [/N/soft/rhel7/intel/19.5/compilers_and_libraries_2019.5.281/linux/tbb/include] ==> [/N/soft/rhel7/intel/19.5/compilers_and_libraries_2019.5.281/linux/tbb/include]
  collapse include dir [/N/soft/rhel7/intel/19.5/compilers_and_libraries_2019.5.281/linux/daal/include] ==> [/N/soft/rhel7/intel/19.5/compilers_and_libraries_2019.5.281/linux/daal/include]
  collapse include dir [/geode2/soft/hps/rhel7/gcc/6.3.0/bin/../lib/gcc/x86_64-pc-linux-gnu/6.3.0/include] ==> [/geode2/soft/hps/rhel7/gcc/6.3.0/lib/gcc/x86_64-pc-linux-gnu/6.3.0/include]
  collapse include dir [/geode2/soft/hps/rhel7/gcc/6.3.0/bin/../lib/gcc/x86_64-pc-linux-gnu/6.3.0/include-fixed] ==> [/geode2/soft/hps/rhel7/gcc/6.3.0/lib/gcc/x86_64-pc-linux-gnu/6.3.0/include-fixed]
  collapse include dir [/usr/local/include] ==> [/usr/local/include]
  collapse include dir [/geode2/soft/hps/rhel7/gcc/6.3.0/bin/../lib/gcc/../../include] ==> [/geode2/soft/hps/rhel7/gcc/6.3.0/include]
  collapse include dir [/usr/include] ==> [/usr/include]
  implicit include dirs: [/N/soft/rhel7/intel/19.5/compilers_and_libraries_2019.5.281/linux/ipp/include;/N/soft/rhel7/intel/19.5/compilers_and_libraries_2019.5.281/linux/mkl/include;/N/soft/rhel7/intel/19.5/compilers_and_libraries_2019.5.281/linux/pstl/include;/N/soft/rhel7/intel/19.5/compilers_and_libraries_2019.5.281/linux/tbb/include;/N/soft/rhel7/intel/19.5/compilers_and_libraries_2019.5.281/linux/daal/include;/geode2/soft/hps/rhel7/gcc/6.3.0/lib/gcc/x86_64-pc-linux-gnu/6.3.0/include;/geode2/soft/hps/rhel7/gcc/6.3.0/lib/gcc/x86_64-pc-linux-gnu/6.3.0/include-fixed;/usr/local/include;/geode2/soft/hps/rhel7/gcc/6.3.0/include;/usr/include]


Parsed C implicit link information from above output:
  link line regex: [^( *|.*[/\])(ld|CMAKE_LINK_STARTFILE-NOTFOUND|([^/\]+-)?ld|collect2)[^/\]*( |$)]
  ignore line: [Change Dir: /N/u/mehtasau/Carbonate/CC3D_PY3_GIT/CompuCell3D/CompuCell3D/build/CMakeFiles/CMakeTmp]
  ignore line: []
  ignore line: [Run Build Command(s):/usr/bin/gmake cmTC_a2dfb/fast && /usr/bin/gmake  -f CMakeFiles/cmTC_a2dfb.dir/build.make CMakeFiles/cmTC_a2dfb.dir/build]
  ignore line: [gmake[1]: Entering directory `/geode2/home/u060/mehtasau/Carbonate/CC3D_PY3_GIT/CompuCell3D/CompuCell3D/build/CMakeFiles/CMakeTmp']
  ignore line: [Building C object CMakeFiles/cmTC_a2dfb.dir/CMakeCCompilerABI.c.o]
  ignore line: [/N/soft/rhel7/gcc/6.3.0/bin/gcc   -v -o CMakeFiles/cmTC_a2dfb.dir/CMakeCCompilerABI.c.o -c /N/u/mehtasau/Carbonate/miniconda3/envs/cc3denv/share/cmake-3.19/Modules/CMakeCCompilerABI.c]
  ignore line: [Using built-in specs.]
  ignore line: [COLLECT_GCC=/N/soft/rhel7/gcc/6.3.0/bin/gcc]
  ignore line: [Target: x86_64-pc-linux-gnu]
  ignore line: [Configured with: ./configure --prefix=/N/soft/rhel7/gcc/6.3.0 --with-long-double-128 --enable-host-shared --disable-multilib --enable-threads]
  ignore line: [Thread model: posix]
  ignore line: [gcc version 6.3.0 (GCC) ]
  ignore line: [COLLECT_GCC_OPTIONS='-v' '-o' 'CMakeFiles/cmTC_a2dfb.dir/CMakeCCompilerABI.c.o' '-c' '-mtune=generic' '-march=x86-64']
  ignore line: [ /geode2/soft/hps/rhel7/gcc/6.3.0/bin/../libexec/gcc/x86_64-pc-linux-gnu/6.3.0/cc1 -quiet -v -iprefix /geode2/soft/hps/rhel7/gcc/6.3.0/bin/../lib/gcc/x86_64-pc-linux-gnu/6.3.0/ /N/u/mehtasau/Carbonate/miniconda3/envs/cc3denv/share/cmake-3.19/Modules/CMakeCCompilerABI.c -quiet -dumpbase CMakeCCompilerABI.c -mtune=generic -march=x86-64 -auxbase-strip CMakeFiles/cmTC_a2dfb.dir/CMakeCCompilerABI.c.o -version -o /tmp/ccZvTr6g.s]
  ignore line: [GNU C11 (GCC) version 6.3.0 (x86_64-pc-linux-gnu)]
  ignore line: [	compiled by GNU C version 6.3.0  GMP version 6.1.0  MPFR version 3.1.4  MPC version 1.0.3  isl version 0.15]
  ignore line: [GGC heuristics: --param ggc-min-expand=100 --param ggc-min-heapsize=131072]
  ignore line: [ignoring nonexistent directory "/geode2/soft/hps/rhel7/gcc/6.3.0/bin/../lib/gcc/x86_64-pc-linux-gnu/6.3.0/../../../../x86_64-pc-linux-gnu/include"]
  ignore line: [ignoring duplicate directory "/geode2/soft/hps/rhel7/gcc/6.3.0/bin/../lib/gcc/../../lib/gcc/x86_64-pc-linux-gnu/6.3.0/include"]
  ignore line: [ignoring duplicate directory "/geode2/soft/hps/rhel7/gcc/6.3.0/bin/../lib/gcc/../../lib/gcc/x86_64-pc-linux-gnu/6.3.0/include-fixed"]
  ignore line: [ignoring nonexistent directory "/geode2/soft/hps/rhel7/gcc/6.3.0/bin/../lib/gcc/../../lib/gcc/x86_64-pc-linux-gnu/6.3.0/../../../../x86_64-pc-linux-gnu/include"]
  ignore line: [ignoring duplicate directory "/N/soft/rhel7/gcc/6.3.0/include"]
  ignore line: [  as it is a non-system directory that duplicates a system directory]
  ignore line: [#include "..." search starts here:]
  ignore line: [#include <...> search starts here:]
  ignore line: [ /N/soft/rhel7/intel/19.5/compilers_and_libraries_2019.5.281/linux/ipp/include]
  ignore line: [ /N/soft/rhel7/intel/19.5/compilers_and_libraries_2019.5.281/linux/mkl/include]
  ignore line: [ /N/soft/rhel7/intel/19.5/compilers_and_libraries_2019.5.281/linux/pstl/include]
  ignore line: [ /N/soft/rhel7/intel/19.5/compilers_and_libraries_2019.5.281/linux/tbb/include]
  ignore line: [ /N/soft/rhel7/intel/19.5/compilers_and_libraries_2019.5.281/linux/daal/include]
  ignore line: [ /geode2/soft/hps/rhel7/gcc/6.3.0/bin/../lib/gcc/x86_64-pc-linux-gnu/6.3.0/include]
  ignore line: [ /geode2/soft/hps/rhel7/gcc/6.3.0/bin/../lib/gcc/x86_64-pc-linux-gnu/6.3.0/include-fixed]
  ignore line: [ /usr/local/include]
  ignore line: [ /geode2/soft/hps/rhel7/gcc/6.3.0/bin/../lib/gcc/../../include]
  ignore line: [ /usr/include]
  ignore line: [End of search list.]
  ignore line: [GNU C11 (GCC) version 6.3.0 (x86_64-pc-linux-gnu)]
  ignore line: [	compiled by GNU C version 6.3.0  GMP version 6.1.0  MPFR version 3.1.4  MPC version 1.0.3  isl version 0.15]
  ignore line: [GGC heuristics: --param ggc-min-expand=100 --param ggc-min-heapsize=131072]
  ignore line: [Compiler executable checksum: 778867ecee6f0e94bc209140692dd20c]
  ignore line: [COLLECT_GCC_OPTIONS='-v' '-o' 'CMakeFiles/cmTC_a2dfb.dir/CMakeCCompilerABI.c.o' '-c' '-mtune=generic' '-march=x86-64']
  ignore line: [ as -v --64 -o CMakeFiles/cmTC_a2dfb.dir/CMakeCCompilerABI.c.o /tmp/ccZvTr6g.s]
  ignore line: [GNU assembler version 2.27 (x86_64-redhat-linux) using BFD version version 2.27-44.base.el7_9.1]
  ignore line: [COMPILER_PATH=/geode2/soft/hps/rhel7/gcc/6.3.0/bin/../libexec/gcc/x86_64-pc-linux-gnu/6.3.0/:/geode2/soft/hps/rhel7/gcc/6.3.0/bin/../libexec/gcc/:/N/soft/rhel7/xalt/2.10.30/bin/]
  ignore line: [LIBRARY_PATH=/geode2/soft/hps/rhel7/gcc/6.3.0/bin/../lib/gcc/x86_64-pc-linux-gnu/6.3.0/:/geode2/soft/hps/rhel7/gcc/6.3.0/bin/../lib/gcc/:/N/soft/rhel7/gcc/6.3.0/lib64/../lib64/:/N/soft/rhel7/gcc/6.3.0/lib/../lib64/:/geode2/soft/hps/rhel7/gcc/6.3.0/bin/../lib/gcc/x86_64-pc-linux-gnu/6.3.0/../../../../lib64/:/lib/../lib64/:/usr/lib/../lib64/:/N/soft/rhel7/intel/19.5/compilers_and_libraries_2019.5.281/linux/ipp/lib/intel64/:/N/soft/rhel7/intel/19.5/compilers_and_libraries_2019.5.281/linux/compiler/lib/intel64_lin/:/N/soft/rhel7/intel/19.5/compilers_and_libraries_2019.5.281/linux/mkl/lib/intel64_lin/:/N/soft/rhel7/intel/19.5/compilers_and_libraries_2019.5.281/linux/tbb/lib/intel64/gcc4.7/:/N/soft/rhel7/intel/19.5/compilers_and_libraries_2019.5.281/linux/daal/lib/intel64_lin/:/N/soft/rhel7/gcc/6.3.0/lib64/:/N/soft/rhel7/gcc/6.3.0/lib/:/geode2/soft/hps/rhel7/gcc/6.3.0/bin/../lib/gcc/x86_64-pc-linux-gnu/6.3.0/../../../:/lib/:/usr/lib/]
  ignore line: [COLLECT_GCC_OPTIONS='-v' '-o' 'CMakeFiles/cmTC_a2dfb.dir/CMakeCCompilerABI.c.o' '-c' '-mtune=generic' '-march=x86-64']
  ignore line: [Linking C executable cmTC_a2dfb]
  ignore line: [/geode2/home/u060/mehtasau/Carbonate/miniconda3/envs/cc3denv/bin/cmake -E cmake_link_script CMakeFiles/cmTC_a2dfb.dir/link.txt --verbose=1]
  ignore line: [/N/soft/rhel7/gcc/6.3.0/bin/gcc  -v CMakeFiles/cmTC_a2dfb.dir/CMakeCCompilerABI.c.o -o cmTC_a2dfb ]
  ignore line: [Using built-in specs.]
  ignore line: [COLLECT_GCC=/N/soft/rhel7/gcc/6.3.0/bin/gcc]
  ignore line: [COLLECT_LTO_WRAPPER=/geode2/soft/hps/rhel7/gcc/6.3.0/bin/../libexec/gcc/x86_64-pc-linux-gnu/6.3.0/lto-wrapper]
  ignore line: [Target: x86_64-pc-linux-gnu]
  ignore line: [Configured with: ./configure --prefix=/N/soft/rhel7/gcc/6.3.0 --with-long-double-128 --enable-host-shared --disable-multilib --enable-threads]
  ignore line: [Thread model: posix]
  ignore line: [gcc version 6.3.0 (GCC) ]
  ignore line: [COMPILER_PATH=/geode2/soft/hps/rhel7/gcc/6.3.0/bin/../libexec/gcc/x86_64-pc-linux-gnu/6.3.0/:/geode2/soft/hps/rhel7/gcc/6.3.0/bin/../libexec/gcc/:/N/soft/rhel7/xalt/2.10.30/bin/]
  ignore line: [LIBRARY_PATH=/geode2/soft/hps/rhel7/gcc/6.3.0/bin/../lib/gcc/x86_64-pc-linux-gnu/6.3.0/:/geode2/soft/hps/rhel7/gcc/6.3.0/bin/../lib/gcc/:/N/soft/rhel7/gcc/6.3.0/lib64/../lib64/:/N/soft/rhel7/gcc/6.3.0/lib/../lib64/:/geode2/soft/hps/rhel7/gcc/6.3.0/bin/../lib/gcc/x86_64-pc-linux-gnu/6.3.0/../../../../lib64/:/lib/../lib64/:/usr/lib/../lib64/:/N/soft/rhel7/intel/19.5/compilers_and_libraries_2019.5.281/linux/ipp/lib/intel64/:/N/soft/rhel7/intel/19.5/compilers_and_libraries_2019.5.281/linux/compiler/lib/intel64_lin/:/N/soft/rhel7/intel/19.5/compilers_and_libraries_2019.5.281/linux/mkl/lib/intel64_lin/:/N/soft/rhel7/intel/19.5/compilers_and_libraries_2019.5.281/linux/tbb/lib/intel64/gcc4.7/:/N/soft/rhel7/intel/19.5/compilers_and_libraries_2019.5.281/linux/daal/lib/intel64_lin/:/N/soft/rhel7/gcc/6.3.0/lib64/:/N/soft/rhel7/gcc/6.3.0/lib/:/geode2/soft/hps/rhel7/gcc/6.3.0/bin/../lib/gcc/x86_64-pc-linux-gnu/6.3.0/../../../:/lib/:/usr/lib/]
  ignore line: [COLLECT_GCC_OPTIONS='-v' '-o' 'cmTC_a2dfb' '-mtune=generic' '-march=x86-64']
  link line: [ /geode2/soft/hps/rhel7/gcc/6.3.0/bin/../libexec/gcc/x86_64-pc-linux-gnu/6.3.0/collect2 -plugin /geode2/soft/hps/rhel7/gcc/6.3.0/bin/../libexec/gcc/x86_64-pc-linux-gnu/6.3.0/liblto_plugin.so -plugin-opt=/geode2/soft/hps/rhel7/gcc/6.3.0/bin/../libexec/gcc/x86_64-pc-linux-gnu/6.3.0/lto-wrapper -plugin-opt=-fresolution=/tmp/cczUvims.res -plugin-opt=-pass-through=-lgcc -plugin-opt=-pass-through=-lgcc_s -plugin-opt=-pass-through=-lc -plugin-opt=-pass-through=-lgcc -plugin-opt=-pass-through=-lgcc_s --eh-frame-hdr -m elf_x86_64 -dynamic-linker /lib64/ld-linux-x86-64.so.2 -o cmTC_a2dfb /lib/../lib64/crt1.o /lib/../lib64/crti.o /geode2/soft/hps/rhel7/gcc/6.3.0/bin/../lib/gcc/x86_64-pc-linux-gnu/6.3.0/crtbegin.o -L/geode2/soft/hps/rhel7/gcc/6.3.0/bin/../lib/gcc/x86_64-pc-linux-gnu/6.3.0 -L/geode2/soft/hps/rhel7/gcc/6.3.0/bin/../lib/gcc -L/N/soft/rhel7/gcc/6.3.0/lib64/../lib64 -L/N/soft/rhel7/gcc/6.3.0/lib/../lib64 -L/geode2/soft/hps/rhel7/gcc/6.3.0/bin/../lib/gcc/x86_64-pc-linux-gnu/6.3.0/../../../../lib64 -L/lib/../lib64 -L/usr/lib/../lib64 -L/N/soft/rhel7/intel/19.5/compilers_and_libraries_2019.5.281/linux/ipp/lib/intel64 -L/N/soft/rhel7/intel/19.5/compilers_and_libraries_2019.5.281/linux/compiler/lib/intel64_lin -L/N/soft/rhel7/intel/19.5/compilers_and_libraries_2019.5.281/linux/mkl/lib/intel64_lin -L/N/soft/rhel7/intel/19.5/compilers_and_libraries_2019.5.281/linux/tbb/lib/intel64/gcc4.7 -L/N/soft/rhel7/intel/19.5/compilers_and_libraries_2019.5.281/linux/daal/lib/intel64_lin -L/N/soft/rhel7/gcc/6.3.0/lib64 -L/N/soft/rhel7/gcc/6.3.0/lib -L/geode2/soft/hps/rhel7/gcc/6.3.0/bin/../lib/gcc/x86_64-pc-linux-gnu/6.3.0/../../.. CMakeFiles/cmTC_a2dfb.dir/CMakeCCompilerABI.c.o -lgcc --as-needed -lgcc_s --no-as-needed -lc -lgcc --as-needed -lgcc_s --no-as-needed /geode2/soft/hps/rhel7/gcc/6.3.0/bin/../lib/gcc/x86_64-pc-linux-gnu/6.3.0/crtend.o /lib/../lib64/crtn.o]
    arg [/geode2/soft/hps/rhel7/gcc/6.3.0/bin/../libexec/gcc/x86_64-pc-linux-gnu/6.3.0/collect2] ==> ignore
    arg [-plugin] ==> ignore
    arg [/geode2/soft/hps/rhel7/gcc/6.3.0/bin/../libexec/gcc/x86_64-pc-linux-gnu/6.3.0/liblto_plugin.so] ==> ignore
    arg [-plugin-opt=/geode2/soft/hps/rhel7/gcc/6.3.0/bin/../libexec/gcc/x86_64-pc-linux-gnu/6.3.0/lto-wrapper] ==> ignore
    arg [-plugin-opt=-fresolution=/tmp/cczUvims.res] ==> ignore
    arg [-plugin-opt=-pass-through=-lgcc] ==> ignore
    arg [-plugin-opt=-pass-through=-lgcc_s] ==> ignore
    arg [-plugin-opt=-pass-through=-lc] ==> ignore
    arg [-plugin-opt=-pass-through=-lgcc] ==> ignore
    arg [-plugin-opt=-pass-through=-lgcc_s] ==> ignore
    arg [--eh-frame-hdr] ==> ignore
    arg [-m] ==> ignore
    arg [elf_x86_64] ==> ignore
    arg [-dynamic-linker] ==> ignore
    arg [/lib64/ld-linux-x86-64.so.2] ==> ignore
    arg [-o] ==> ignore
    arg [cmTC_a2dfb] ==> ignore
    arg [/lib/../lib64/crt1.o] ==> ignore
    arg [/lib/../lib64/crti.o] ==> ignore
    arg [/geode2/soft/hps/rhel7/gcc/6.3.0/bin/../lib/gcc/x86_64-pc-linux-gnu/6.3.0/crtbegin.o] ==> ignore
    arg [-L/geode2/soft/hps/rhel7/gcc/6.3.0/bin/../lib/gcc/x86_64-pc-linux-gnu/6.3.0] ==> dir [/geode2/soft/hps/rhel7/gcc/6.3.0/bin/../lib/gcc/x86_64-pc-linux-gnu/6.3.0]
    arg [-L/geode2/soft/hps/rhel7/gcc/6.3.0/bin/../lib/gcc] ==> dir [/geode2/soft/hps/rhel7/gcc/6.3.0/bin/../lib/gcc]
    arg [-L/N/soft/rhel7/gcc/6.3.0/lib64/../lib64] ==> dir [/N/soft/rhel7/gcc/6.3.0/lib64/../lib64]
    arg [-L/N/soft/rhel7/gcc/6.3.0/lib/../lib64] ==> dir [/N/soft/rhel7/gcc/6.3.0/lib/../lib64]
    arg [-L/geode2/soft/hps/rhel7/gcc/6.3.0/bin/../lib/gcc/x86_64-pc-linux-gnu/6.3.0/../../../../lib64] ==> dir [/geode2/soft/hps/rhel7/gcc/6.3.0/bin/../lib/gcc/x86_64-pc-linux-gnu/6.3.0/../../../../lib64]
    arg [-L/lib/../lib64] ==> dir [/lib/../lib64]
    arg [-L/usr/lib/../lib64] ==> dir [/usr/lib/../lib64]
    arg [-L/N/soft/rhel7/intel/19.5/compilers_and_libraries_2019.5.281/linux/ipp/lib/intel64] ==> dir [/N/soft/rhel7/intel/19.5/compilers_and_libraries_2019.5.281/linux/ipp/lib/intel64]
    arg [-L/N/soft/rhel7/intel/19.5/compilers_and_libraries_2019.5.281/linux/compiler/lib/intel64_lin] ==> dir [/N/soft/rhel7/intel/19.5/compilers_and_libraries_2019.5.281/linux/compiler/lib/intel64_lin]
    arg [-L/N/soft/rhel7/intel/19.5/compilers_and_libraries_2019.5.281/linux/mkl/lib/intel64_lin] ==> dir [/N/soft/rhel7/intel/19.5/compilers_and_libraries_2019.5.281/linux/mkl/lib/intel64_lin]
    arg [-L/N/soft/rhel7/intel/19.5/compilers_and_libraries_2019.5.281/linux/tbb/lib/intel64/gcc4.7] ==> dir [/N/soft/rhel7/intel/19.5/compilers_and_libraries_2019.5.281/linux/tbb/lib/intel64/gcc4.7]
    arg [-L/N/soft/rhel7/intel/19.5/compilers_and_libraries_2019.5.281/linux/daal/lib/intel64_lin] ==> dir [/N/soft/rhel7/intel/19.5/compilers_and_libraries_2019.5.281/linux/daal/lib/intel64_lin]
    arg [-L/N/soft/rhel7/gcc/6.3.0/lib64] ==> dir [/N/soft/rhel7/gcc/6.3.0/lib64]
    arg [-L/N/soft/rhel7/gcc/6.3.0/lib] ==> dir [/N/soft/rhel7/gcc/6.3.0/lib]
    arg [-L/geode2/soft/hps/rhel7/gcc/6.3.0/bin/../lib/gcc/x86_64-pc-linux-gnu/6.3.0/../../..] ==> dir [/geode2/soft/hps/rhel7/gcc/6.3.0/bin/../lib/gcc/x86_64-pc-linux-gnu/6.3.0/../../..]
    arg [CMakeFiles/cmTC_a2dfb.dir/CMakeCCompilerABI.c.o] ==> ignore
    arg [-lgcc] ==> lib [gcc]
    arg [--as-needed] ==> ignore
    arg [-lgcc_s] ==> lib [gcc_s]
    arg [--no-as-needed] ==> ignore
    arg [-lc] ==> lib [c]
    arg [-lgcc] ==> lib [gcc]
    arg [--as-needed] ==> ignore
    arg [-lgcc_s] ==> lib [gcc_s]
    arg [--no-as-needed] ==> ignore
    arg [/geode2/soft/hps/rhel7/gcc/6.3.0/bin/../lib/gcc/x86_64-pc-linux-gnu/6.3.0/crtend.o] ==> ignore
    arg [/lib/../lib64/crtn.o] ==> ignore
  collapse library dir [/geode2/soft/hps/rhel7/gcc/6.3.0/bin/../lib/gcc/x86_64-pc-linux-gnu/6.3.0] ==> [/geode2/soft/hps/rhel7/gcc/6.3.0/lib/gcc/x86_64-pc-linux-gnu/6.3.0]
  collapse library dir [/geode2/soft/hps/rhel7/gcc/6.3.0/bin/../lib/gcc] ==> [/geode2/soft/hps/rhel7/gcc/6.3.0/lib/gcc]
  collapse library dir [/N/soft/rhel7/gcc/6.3.0/lib64/../lib64] ==> [/N/soft/rhel7/gcc/6.3.0/lib64]
  collapse library dir [/N/soft/rhel7/gcc/6.3.0/lib/../lib64] ==> [/N/soft/rhel7/gcc/6.3.0/lib64]
  collapse library dir [/geode2/soft/hps/rhel7/gcc/6.3.0/bin/../lib/gcc/x86_64-pc-linux-gnu/6.3.0/../../../../lib64] ==> [/geode2/soft/hps/rhel7/gcc/6.3.0/lib64]
  collapse library dir [/lib/../lib64] ==> [/lib64]
  collapse library dir [/usr/lib/../lib64] ==> [/usr/lib64]
  collapse library dir [/N/soft/rhel7/intel/19.5/compilers_and_libraries_2019.5.281/linux/ipp/lib/intel64] ==> [/N/soft/rhel7/intel/19.5/compilers_and_libraries_2019.5.281/linux/ipp/lib/intel64]
  collapse library dir [/N/soft/rhel7/intel/19.5/compilers_and_libraries_2019.5.281/linux/compiler/lib/intel64_lin] ==> [/N/soft/rhel7/intel/19.5/compilers_and_libraries_2019.5.281/linux/compiler/lib/intel64_lin]
  collapse library dir [/N/soft/rhel7/intel/19.5/compilers_and_libraries_2019.5.281/linux/mkl/lib/intel64_lin] ==> [/N/soft/rhel7/intel/19.5/compilers_and_libraries_2019.5.281/linux/mkl/lib/intel64_lin]
  collapse library dir [/N/soft/rhel7/intel/19.5/compilers_and_libraries_2019.5.281/linux/tbb/lib/intel64/gcc4.7] ==> [/N/soft/rhel7/intel/19.5/compilers_and_libraries_2019.5.281/linux/tbb/lib/intel64/gcc4.7]
  collapse library dir [/N/soft/rhel7/intel/19.5/compilers_and_libraries_2019.5.281/linux/daal/lib/intel64_lin] ==> [/N/soft/rhel7/intel/19.5/compilers_and_libraries_2019.5.281/linux/daal/lib/intel64_lin]
  collapse library dir [/N/soft/rhel7/gcc/6.3.0/lib64] ==> [/N/soft/rhel7/gcc/6.3.0/lib64]
  collapse library dir [/N/soft/rhel7/gcc/6.3.0/lib] ==> [/N/soft/rhel7/gcc/6.3.0/lib]
  collapse library dir [/geode2/soft/hps/rhel7/gcc/6.3.0/bin/../lib/gcc/x86_64-pc-linux-gnu/6.3.0/../../..] ==> [/geode2/soft/hps/rhel7/gcc/6.3.0/lib]
  implicit libs: [gcc;gcc_s;c;gcc;gcc_s]
  implicit dirs: [/geode2/soft/hps/rhel7/gcc/6.3.0/lib/gcc/x86_64-pc-linux-gnu/6.3.0;/geode2/soft/hps/rhel7/gcc/6.3.0/lib/gcc;/N/soft/rhel7/gcc/6.3.0/lib64;/geode2/soft/hps/rhel7/gcc/6.3.0/lib64;/lib64;/usr/lib64;/N/soft/rhel7/intel/19.5/compilers_and_libraries_2019.5.281/linux/ipp/lib/intel64;/N/soft/rhel7/intel/19.5/compilers_and_libraries_2019.5.281/linux/compiler/lib/intel64_lin;/N/soft/rhel7/intel/19.5/compilers_and_libraries_2019.5.281/linux/mkl/lib/intel64_lin;/N/soft/rhel7/intel/19.5/compilers_and_libraries_2019.5.281/linux/tbb/lib/intel64/gcc4.7;/N/soft/rhel7/intel/19.5/compilers_and_libraries_2019.5.281/linux/daal/lib/intel64_lin;/N/soft/rhel7/gcc/6.3.0/lib;/geode2/soft/hps/rhel7/gcc/6.3.0/lib]
  implicit fwks: []


